Build started 5/6/2015 1:51:26 PM.
     1>Project "C:\Users\Thuc\documents\visual studio 2013\Projects\Project1\294_14pm\294_14pm.vcxproj" on node 2 (Build target(s)).
     1>Link:
         E:\Programs\Microsoft Visual Studio 12.0\VC\bin\link.exe /ERRORREPORT:PROMPT /OUT:"C:\Users\Thuc\documents\visual studio 2013\Projects\Project1\Release\294_14pm.exe" /INCREMENTAL:NO /NOLOGO /LIBPATH:C:\opencv\build\x86\vc12\staticlib opencv_core2410.lib opencv_imgproc2410.lib opencv_highgui2410.lib opencv_ml2410.lib opencv_video2410.lib opencv_features2d2410.lib opencv_calib3d2410.lib opencv_objdetect2410.lib opencv_contrib2410.lib opencv_legacy2410.lib opencv_flann2410.lib libpng.lib libtiff.lib zlib.lib IlmImf.lib libjasper.lib libjpeg.lib comctl32.lib gdi32.lib vfw32.lib kernel32.lib user32.lib gdi32.lib winspool.lib comdlg32.lib advapi32.lib shell32.lib ole32.lib oleaut32.lib uuid.lib odbc32.lib odbccp32.lib /MANIFEST /MANIFESTUAC:"level='asInvoker' uiAccess='false'" /manifest:embed /DEBUG /PDB:"C:\Users\Thuc\documents\visual studio 2013\Projects\Project1\Release\294_14pm.pdb" /SUBSYSTEM:CONSOLE /OPT:REF /OPT:ICF /LTCG /TLBID:1 /DYNAMICBASE /NXCOMPAT /IMPLIB:"C:\Users\Thuc\documents\visual studio 2013\Projects\Project1\Release\294_14pm.lib" /MACHINE:X86 /SAFESEH Release\ann.obj
         Release\getopt.obj
         Release\image_cropper.obj
         Release\main.obj
         Release\rotated_square_getter.obj
         Release\squares_finder.obj
     1>opencv_core2410.lib(alloc.obj) : error LNK2038: mismatch detected for '_ITERATOR_DEBUG_LEVEL': value '0' doesn't match value '2' in ann.obj
     1>opencv_core2410.lib(alloc.obj) : error LNK2038: mismatch detected for 'RuntimeLibrary': value 'MT_StaticRelease' doesn't match value 'MTd_StaticDebug' in ann.obj
     1>opencv_core2410.lib(matrix.obj) : error LNK2038: mismatch detected for '_ITERATOR_DEBUG_LEVEL': value '0' doesn't match value '2' in ann.obj
     1>opencv_core2410.lib(matrix.obj) : error LNK2038: mismatch detected for 'RuntimeLibrary': value 'MT_StaticRelease' doesn't match value 'MTd_StaticDebug' in ann.obj
     1>opencv_core2410.lib(copy.obj) : error LNK2038: mismatch detected for '_ITERATOR_DEBUG_LEVEL': value '0' doesn't match value '2' in ann.obj
     1>opencv_core2410.lib(copy.obj) : error LNK2038: mismatch detected for 'RuntimeLibrary': value 'MT_StaticRelease' doesn't match value 'MTd_StaticDebug' in ann.obj
     1>opencv_core2410.lib(system.obj) : error LNK2038: mismatch detected for '_ITERATOR_DEBUG_LEVEL': value '0' doesn't match value '2' in ann.obj
     1>opencv_core2410.lib(system.obj) : error LNK2038: mismatch detected for 'RuntimeLibrary': value 'MT_StaticRelease' doesn't match value 'MTd_StaticDebug' in ann.obj
     1>opencv_core2410.lib(out.obj) : error LNK2038: mismatch detected for '_ITERATOR_DEBUG_LEVEL': value '0' doesn't match value '2' in ann.obj
     1>opencv_core2410.lib(out.obj) : error LNK2038: mismatch detected for 'RuntimeLibrary': value 'MT_StaticRelease' doesn't match value 'MTd_StaticDebug' in ann.obj
     1>opencv_core2410.lib(persistence.obj) : error LNK2038: mismatch detected for '_ITERATOR_DEBUG_LEVEL': value '0' doesn't match value '2' in ann.obj
     1>opencv_core2410.lib(persistence.obj) : error LNK2038: mismatch detected for 'RuntimeLibrary': value 'MT_StaticRelease' doesn't match value 'MTd_StaticDebug' in ann.obj
     1>opencv_core2410.lib(convert.obj) : error LNK2038: mismatch detected for '_ITERATOR_DEBUG_LEVEL': value '0' doesn't match value '2' in ann.obj
     1>opencv_core2410.lib(convert.obj) : error LNK2038: mismatch detected for 'RuntimeLibrary': value 'MT_StaticRelease' doesn't match value 'MTd_StaticDebug' in ann.obj
     1>opencv_core2410.lib(drawing.obj) : error LNK2038: mismatch detected for '_ITERATOR_DEBUG_LEVEL': value '0' doesn't match value '2' in ann.obj
     1>opencv_core2410.lib(drawing.obj) : error LNK2038: mismatch detected for 'RuntimeLibrary': value 'MT_StaticRelease' doesn't match value 'MTd_StaticDebug' in ann.obj
     1>opencv_core2410.lib(matop.obj) : error LNK2038: mismatch detected for '_ITERATOR_DEBUG_LEVEL': value '0' doesn't match value '2' in ann.obj
     1>opencv_core2410.lib(matop.obj) : error LNK2038: mismatch detected for 'RuntimeLibrary': value 'MT_StaticRelease' doesn't match value 'MTd_StaticDebug' in ann.obj
     1>opencv_core2410.lib(opencv_core_pch.obj) : error LNK2038: mismatch detected for '_ITERATOR_DEBUG_LEVEL': value '0' doesn't match value '2' in ann.obj
     1>opencv_core2410.lib(opencv_core_pch.obj) : error LNK2038: mismatch detected for 'RuntimeLibrary': value 'MT_StaticRelease' doesn't match value 'MTd_StaticDebug' in ann.obj
     1>opencv_core2410.lib(stat.obj) : error LNK2038: mismatch detected for '_ITERATOR_DEBUG_LEVEL': value '0' doesn't match value '2' in ann.obj
     1>opencv_core2410.lib(stat.obj) : error LNK2038: mismatch detected for 'RuntimeLibrary': value 'MT_StaticRelease' doesn't match value 'MTd_StaticDebug' in ann.obj
     1>opencv_core2410.lib(rand.obj) : error LNK2038: mismatch detected for '_ITERATOR_DEBUG_LEVEL': value '0' doesn't match value '2' in ann.obj
     1>opencv_core2410.lib(rand.obj) : error LNK2038: mismatch detected for 'RuntimeLibrary': value 'MT_StaticRelease' doesn't match value 'MTd_StaticDebug' in ann.obj
     1>opencv_core2410.lib(parallel.obj) : error LNK2038: mismatch detected for '_ITERATOR_DEBUG_LEVEL': value '0' doesn't match value '2' in ann.obj
     1>opencv_core2410.lib(parallel.obj) : error LNK2038: mismatch detected for 'RuntimeLibrary': value 'MT_StaticRelease' doesn't match value 'MTd_StaticDebug' in ann.obj
     1>opencv_core2410.lib(array.obj) : error LNK2038: mismatch detected for '_ITERATOR_DEBUG_LEVEL': value '0' doesn't match value '2' in ann.obj
     1>opencv_core2410.lib(array.obj) : error LNK2038: mismatch detected for 'RuntimeLibrary': value 'MT_StaticRelease' doesn't match value 'MTd_StaticDebug' in ann.obj
     1>opencv_core2410.lib(datastructs.obj) : error LNK2038: mismatch detected for '_ITERATOR_DEBUG_LEVEL': value '0' doesn't match value '2' in ann.obj
     1>opencv_core2410.lib(datastructs.obj) : error LNK2038: mismatch detected for 'RuntimeLibrary': value 'MT_StaticRelease' doesn't match value 'MTd_StaticDebug' in ann.obj
     1>opencv_core2410.lib(gpumat.obj) : error LNK2038: mismatch detected for '_ITERATOR_DEBUG_LEVEL': value '0' doesn't match value '2' in ann.obj
     1>opencv_core2410.lib(gpumat.obj) : error LNK2038: mismatch detected for 'RuntimeLibrary': value 'MT_StaticRelease' doesn't match value 'MTd_StaticDebug' in ann.obj
     1>opencv_core2410.lib(opengl_interop_deprecated.obj) : error LNK2038: mismatch detected for '_ITERATOR_DEBUG_LEVEL': value '0' doesn't match value '2' in ann.obj
     1>opencv_core2410.lib(opengl_interop_deprecated.obj) : error LNK2038: mismatch detected for 'RuntimeLibrary': value 'MT_StaticRelease' doesn't match value 'MTd_StaticDebug' in ann.obj
     1>opencv_core2410.lib(opengl_interop.obj) : error LNK2038: mismatch detected for '_ITERATOR_DEBUG_LEVEL': value '0' doesn't match value '2' in ann.obj
     1>opencv_core2410.lib(opengl_interop.obj) : error LNK2038: mismatch detected for 'RuntimeLibrary': value 'MT_StaticRelease' doesn't match value 'MTd_StaticDebug' in ann.obj
     1>opencv_core2410.lib(arithm.obj) : error LNK2038: mismatch detected for '_ITERATOR_DEBUG_LEVEL': value '0' doesn't match value '2' in ann.obj
     1>opencv_core2410.lib(arithm.obj) : error LNK2038: mismatch detected for 'RuntimeLibrary': value 'MT_StaticRelease' doesn't match value 'MTd_StaticDebug' in ann.obj
     1>opencv_core2410.lib(tables.obj) : error LNK2038: mismatch detected for '_ITERATOR_DEBUG_LEVEL': value '0' doesn't match value '2' in ann.obj
     1>opencv_core2410.lib(tables.obj) : error LNK2038: mismatch detected for 'RuntimeLibrary': value 'MT_StaticRelease' doesn't match value 'MTd_StaticDebug' in ann.obj
     1>opencv_core2410.lib(matmul.obj) : error LNK2038: mismatch detected for '_ITERATOR_DEBUG_LEVEL': value '0' doesn't match value '2' in ann.obj
     1>opencv_core2410.lib(matmul.obj) : error LNK2038: mismatch detected for 'RuntimeLibrary': value 'MT_StaticRelease' doesn't match value 'MTd_StaticDebug' in ann.obj
     1>opencv_core2410.lib(lapack.obj) : error LNK2038: mismatch detected for '_ITERATOR_DEBUG_LEVEL': value '0' doesn't match value '2' in ann.obj
     1>opencv_core2410.lib(lapack.obj) : error LNK2038: mismatch detected for 'RuntimeLibrary': value 'MT_StaticRelease' doesn't match value 'MTd_StaticDebug' in ann.obj
     1>opencv_core2410.lib(mathfuncs.obj) : error LNK2038: mismatch detected for '_ITERATOR_DEBUG_LEVEL': value '0' doesn't match value '2' in ann.obj
     1>opencv_core2410.lib(mathfuncs.obj) : error LNK2038: mismatch detected for 'RuntimeLibrary': value 'MT_StaticRelease' doesn't match value 'MTd_StaticDebug' in ann.obj
     1>opencv_imgproc2410.lib(smooth.obj) : error LNK2038: mismatch detected for '_ITERATOR_DEBUG_LEVEL': value '0' doesn't match value '2' in ann.obj
     1>opencv_imgproc2410.lib(smooth.obj) : error LNK2038: mismatch detected for 'RuntimeLibrary': value 'MT_StaticRelease' doesn't match value 'MTd_StaticDebug' in ann.obj
     1>opencv_imgproc2410.lib(thresh.obj) : error LNK2038: mismatch detected for '_ITERATOR_DEBUG_LEVEL': value '0' doesn't match value '2' in ann.obj
     1>opencv_imgproc2410.lib(thresh.obj) : error LNK2038: mismatch detected for 'RuntimeLibrary': value 'MT_StaticRelease' doesn't match value 'MTd_StaticDebug' in ann.obj
     1>opencv_imgproc2410.lib(color.obj) : error LNK2038: mismatch detected for '_ITERATOR_DEBUG_LEVEL': value '0' doesn't match value '2' in ann.obj
     1>opencv_imgproc2410.lib(color.obj) : error LNK2038: mismatch detected for 'RuntimeLibrary': value 'MT_StaticRelease' doesn't match value 'MTd_StaticDebug' in ann.obj
     1>opencv_imgproc2410.lib(imgwarp.obj) : error LNK2038: mismatch detected for '_ITERATOR_DEBUG_LEVEL': value '0' doesn't match value '2' in ann.obj
     1>opencv_imgproc2410.lib(imgwarp.obj) : error LNK2038: mismatch detected for 'RuntimeLibrary': value 'MT_StaticRelease' doesn't match value 'MTd_StaticDebug' in ann.obj
     1>opencv_imgproc2410.lib(contours.obj) : error LNK2038: mismatch detected for '_ITERATOR_DEBUG_LEVEL': value '0' doesn't match value '2' in ann.obj
     1>opencv_imgproc2410.lib(contours.obj) : error LNK2038: mismatch detected for 'RuntimeLibrary': value 'MT_StaticRelease' doesn't match value 'MTd_StaticDebug' in ann.obj
     1>opencv_imgproc2410.lib(canny.obj) : error LNK2038: mismatch detected for '_ITERATOR_DEBUG_LEVEL': value '0' doesn't match value '2' in ann.obj
     1>opencv_imgproc2410.lib(canny.obj) : error LNK2038: mismatch detected for 'RuntimeLibrary': value 'MT_StaticRelease' doesn't match value 'MTd_StaticDebug' in ann.obj
     1>opencv_imgproc2410.lib(opencv_imgproc_pch.obj) : error LNK2038: mismatch detected for '_ITERATOR_DEBUG_LEVEL': value '0' doesn't match value '2' in ann.obj
     1>opencv_imgproc2410.lib(opencv_imgproc_pch.obj) : error LNK2038: mismatch detected for 'RuntimeLibrary': value 'MT_StaticRelease' doesn't match value 'MTd_StaticDebug' in ann.obj
     1>opencv_imgproc2410.lib(filter.obj) : error LNK2038: mismatch detected for '_ITERATOR_DEBUG_LEVEL': value '0' doesn't match value '2' in ann.obj
     1>opencv_imgproc2410.lib(filter.obj) : error LNK2038: mismatch detected for 'RuntimeLibrary': value 'MT_StaticRelease' doesn't match value 'MTd_StaticDebug' in ann.obj
     1>opencv_imgproc2410.lib(utils.obj) : error LNK2038: mismatch detected for '_ITERATOR_DEBUG_LEVEL': value '0' doesn't match value '2' in ann.obj
     1>opencv_imgproc2410.lib(utils.obj) : error LNK2038: mismatch detected for 'RuntimeLibrary': value 'MT_StaticRelease' doesn't match value 'MTd_StaticDebug' in ann.obj
     1>opencv_imgproc2410.lib(tables.obj) : error LNK2038: mismatch detected for '_ITERATOR_DEBUG_LEVEL': value '0' doesn't match value '2' in ann.obj
     1>opencv_imgproc2410.lib(tables.obj) : error LNK2038: mismatch detected for 'RuntimeLibrary': value 'MT_StaticRelease' doesn't match value 'MTd_StaticDebug' in ann.obj
     1>opencv_imgproc2410.lib(imgwarp_avx.obj) : error LNK2038: mismatch detected for '_ITERATOR_DEBUG_LEVEL': value '0' doesn't match value '2' in ann.obj
     1>opencv_imgproc2410.lib(imgwarp_avx.obj) : error LNK2038: mismatch detected for 'RuntimeLibrary': value 'MT_StaticRelease' doesn't match value 'MTd_StaticDebug' in ann.obj
     1>opencv_imgproc2410.lib(imgwarp_avx2.obj) : error LNK2038: mismatch detected for '_ITERATOR_DEBUG_LEVEL': value '0' doesn't match value '2' in ann.obj
     1>opencv_imgproc2410.lib(imgwarp_avx2.obj) : error LNK2038: mismatch detected for 'RuntimeLibrary': value 'MT_StaticRelease' doesn't match value 'MTd_StaticDebug' in ann.obj
     1>opencv_imgproc2410.lib(approx.obj) : error LNK2038: mismatch detected for '_ITERATOR_DEBUG_LEVEL': value '0' doesn't match value '2' in ann.obj
     1>opencv_imgproc2410.lib(approx.obj) : error LNK2038: mismatch detected for 'RuntimeLibrary': value 'MT_StaticRelease' doesn't match value 'MTd_StaticDebug' in ann.obj
     1>opencv_imgproc2410.lib(shapedescr.obj) : error LNK2038: mismatch detected for '_ITERATOR_DEBUG_LEVEL': value '0' doesn't match value '2' in ann.obj
     1>opencv_imgproc2410.lib(shapedescr.obj) : error LNK2038: mismatch detected for 'RuntimeLibrary': value 'MT_StaticRelease' doesn't match value 'MTd_StaticDebug' in ann.obj
     1>opencv_imgproc2410.lib(rotcalipers.obj) : error LNK2038: mismatch detected for '_ITERATOR_DEBUG_LEVEL': value '0' doesn't match value '2' in ann.obj
     1>opencv_imgproc2410.lib(rotcalipers.obj) : error LNK2038: mismatch detected for 'RuntimeLibrary': value 'MT_StaticRelease' doesn't match value 'MTd_StaticDebug' in ann.obj
     1>opencv_imgproc2410.lib(matchcontours.obj) : error LNK2038: mismatch detected for '_ITERATOR_DEBUG_LEVEL': value '0' doesn't match value '2' in ann.obj
     1>opencv_imgproc2410.lib(matchcontours.obj) : error LNK2038: mismatch detected for 'RuntimeLibrary': value 'MT_StaticRelease' doesn't match value 'MTd_StaticDebug' in ann.obj
     1>opencv_imgproc2410.lib(convhull.obj) : error LNK2038: mismatch detected for '_ITERATOR_DEBUG_LEVEL': value '0' doesn't match value '2' in ann.obj
     1>opencv_imgproc2410.lib(convhull.obj) : error LNK2038: mismatch detected for 'RuntimeLibrary': value 'MT_StaticRelease' doesn't match value 'MTd_StaticDebug' in ann.obj
     1>opencv_imgproc2410.lib(geometry.obj) : error LNK2038: mismatch detected for '_ITERATOR_DEBUG_LEVEL': value '0' doesn't match value '2' in ann.obj
     1>opencv_imgproc2410.lib(geometry.obj) : error LNK2038: mismatch detected for 'RuntimeLibrary': value 'MT_StaticRelease' doesn't match value 'MTd_StaticDebug' in ann.obj
     1>opencv_imgproc2410.lib(linefit.obj) : error LNK2038: mismatch detected for '_ITERATOR_DEBUG_LEVEL': value '0' doesn't match value '2' in ann.obj
     1>opencv_imgproc2410.lib(linefit.obj) : error LNK2038: mismatch detected for 'RuntimeLibrary': value 'MT_StaticRelease' doesn't match value 'MTd_StaticDebug' in ann.obj
     1>opencv_imgproc2410.lib(deriv.obj) : error LNK2038: mismatch detected for '_ITERATOR_DEBUG_LEVEL': value '0' doesn't match value '2' in ann.obj
     1>opencv_imgproc2410.lib(deriv.obj) : error LNK2038: mismatch detected for 'RuntimeLibrary': value 'MT_StaticRelease' doesn't match value 'MTd_StaticDebug' in ann.obj
     1>opencv_imgproc2410.lib(templmatch.obj) : error LNK2038: mismatch detected for '_ITERATOR_DEBUG_LEVEL': value '0' doesn't match value '2' in ann.obj
     1>opencv_imgproc2410.lib(templmatch.obj) : error LNK2038: mismatch detected for 'RuntimeLibrary': value 'MT_StaticRelease' doesn't match value 'MTd_StaticDebug' in ann.obj
     1>opencv_imgproc2410.lib(moments.obj) : error LNK2038: mismatch detected for '_ITERATOR_DEBUG_LEVEL': value '0' doesn't match value '2' in ann.obj
     1>opencv_imgproc2410.lib(moments.obj) : error LNK2038: mismatch detected for 'RuntimeLibrary': value 'MT_StaticRelease' doesn't match value 'MTd_StaticDebug' in ann.obj
     1>opencv_imgproc2410.lib(sumpixels.obj) : error LNK2038: mismatch detected for '_ITERATOR_DEBUG_LEVEL': value '0' doesn't match value '2' in ann.obj
     1>opencv_imgproc2410.lib(sumpixels.obj) : error LNK2038: mismatch detected for 'RuntimeLibrary': value 'MT_StaticRelease' doesn't match value 'MTd_StaticDebug' in ann.obj
     1>opencv_highgui2410.lib(window.obj) : error LNK2038: mismatch detected for '_ITERATOR_DEBUG_LEVEL': value '0' doesn't match value '2' in ann.obj
     1>opencv_highgui2410.lib(window.obj) : error LNK2038: mismatch detected for 'RuntimeLibrary': value 'MT_StaticRelease' doesn't match value 'MTd_StaticDebug' in ann.obj
     1>opencv_highgui2410.lib(loadsave.obj) : error LNK2038: mismatch detected for '_ITERATOR_DEBUG_LEVEL': value '0' doesn't match value '2' in ann.obj
     1>opencv_highgui2410.lib(loadsave.obj) : error LNK2038: mismatch detected for 'RuntimeLibrary': value 'MT_StaticRelease' doesn't match value 'MTd_StaticDebug' in ann.obj
     1>opencv_highgui2410.lib(opencv_highgui_pch.obj) : error LNK2038: mismatch detected for '_ITERATOR_DEBUG_LEVEL': value '0' doesn't match value '2' in ann.obj
     1>opencv_highgui2410.lib(opencv_highgui_pch.obj) : error LNK2038: mismatch detected for 'RuntimeLibrary': value 'MT_StaticRelease' doesn't match value 'MTd_StaticDebug' in ann.obj
     1>opencv_highgui2410.lib(window_w32.obj) : error LNK2038: mismatch detected for '_ITERATOR_DEBUG_LEVEL': value '0' doesn't match value '2' in ann.obj
     1>opencv_highgui2410.lib(window_w32.obj) : error LNK2038: mismatch detected for 'RuntimeLibrary': value 'MT_StaticRelease' doesn't match value 'MTd_StaticDebug' in ann.obj
     1>opencv_highgui2410.lib(grfmt_bmp.obj) : error LNK2038: mismatch detected for '_ITERATOR_DEBUG_LEVEL': value '0' doesn't match value '2' in ann.obj
     1>opencv_highgui2410.lib(grfmt_bmp.obj) : error LNK2038: mismatch detected for 'RuntimeLibrary': value 'MT_StaticRelease' doesn't match value 'MTd_StaticDebug' in ann.obj
     1>opencv_highgui2410.lib(grfmt_sunras.obj) : error LNK2038: mismatch detected for '_ITERATOR_DEBUG_LEVEL': value '0' doesn't match value '2' in ann.obj
     1>opencv_highgui2410.lib(grfmt_sunras.obj) : error LNK2038: mismatch detected for 'RuntimeLibrary': value 'MT_StaticRelease' doesn't match value 'MTd_StaticDebug' in ann.obj
     1>opencv_highgui2410.lib(grfmt_jpeg.obj) : error LNK2038: mismatch detected for '_ITERATOR_DEBUG_LEVEL': value '0' doesn't match value '2' in ann.obj
     1>opencv_highgui2410.lib(grfmt_jpeg.obj) : error LNK2038: mismatch detected for 'RuntimeLibrary': value 'MT_StaticRelease' doesn't match value 'MTd_StaticDebug' in ann.obj
     1>opencv_highgui2410.lib(grfmt_pxm.obj) : error LNK2038: mismatch detected for '_ITERATOR_DEBUG_LEVEL': value '0' doesn't match value '2' in ann.obj
     1>opencv_highgui2410.lib(grfmt_pxm.obj) : error LNK2038: mismatch detected for 'RuntimeLibrary': value 'MT_StaticRelease' doesn't match value 'MTd_StaticDebug' in ann.obj
     1>opencv_highgui2410.lib(grfmt_tiff.obj) : error LNK2038: mismatch detected for '_ITERATOR_DEBUG_LEVEL': value '0' doesn't match value '2' in ann.obj
     1>opencv_highgui2410.lib(grfmt_tiff.obj) : error LNK2038: mismatch detected for 'RuntimeLibrary': value 'MT_StaticRelease' doesn't match value 'MTd_StaticDebug' in ann.obj
     1>opencv_highgui2410.lib(grfmt_png.obj) : error LNK2038: mismatch detected for '_ITERATOR_DEBUG_LEVEL': value '0' doesn't match value '2' in ann.obj
     1>opencv_highgui2410.lib(grfmt_png.obj) : error LNK2038: mismatch detected for 'RuntimeLibrary': value 'MT_StaticRelease' doesn't match value 'MTd_StaticDebug' in ann.obj
     1>opencv_highgui2410.lib(grfmt_jpeg2000.obj) : error LNK2038: mismatch detected for '_ITERATOR_DEBUG_LEVEL': value '0' doesn't match value '2' in ann.obj
     1>opencv_highgui2410.lib(grfmt_jpeg2000.obj) : error LNK2038: mismatch detected for 'RuntimeLibrary': value 'MT_StaticRelease' doesn't match value 'MTd_StaticDebug' in ann.obj
     1>opencv_highgui2410.lib(grfmt_exr.obj) : error LNK2038: mismatch detected for '_ITERATOR_DEBUG_LEVEL': value '0' doesn't match value '2' in ann.obj
     1>opencv_highgui2410.lib(grfmt_exr.obj) : error LNK2038: mismatch detected for 'RuntimeLibrary': value 'MT_StaticRelease' doesn't match value 'MTd_StaticDebug' in ann.obj
     1>opencv_highgui2410.lib(utils.obj) : error LNK2038: mismatch detected for '_ITERATOR_DEBUG_LEVEL': value '0' doesn't match value '2' in ann.obj
     1>opencv_highgui2410.lib(utils.obj) : error LNK2038: mismatch detected for 'RuntimeLibrary': value 'MT_StaticRelease' doesn't match value 'MTd_StaticDebug' in ann.obj
     1>opencv_highgui2410.lib(bitstrm.obj) : error LNK2038: mismatch detected for '_ITERATOR_DEBUG_LEVEL': value '0' doesn't match value '2' in ann.obj
     1>opencv_highgui2410.lib(bitstrm.obj) : error LNK2038: mismatch detected for 'RuntimeLibrary': value 'MT_StaticRelease' doesn't match value 'MTd_StaticDebug' in ann.obj
     1>opencv_highgui2410.lib(grfmt_base.obj) : error LNK2038: mismatch detected for '_ITERATOR_DEBUG_LEVEL': value '0' doesn't match value '2' in ann.obj
     1>opencv_highgui2410.lib(grfmt_base.obj) : error LNK2038: mismatch detected for 'RuntimeLibrary': value 'MT_StaticRelease' doesn't match value 'MTd_StaticDebug' in ann.obj
     1>opencv_ml2410.lib(ann_mlp.obj) : error LNK2038: mismatch detected for '_ITERATOR_DEBUG_LEVEL': value '0' doesn't match value '2' in ann.obj
     1>opencv_ml2410.lib(ann_mlp.obj) : error LNK2038: mismatch detected for 'RuntimeLibrary': value 'MT_StaticRelease' doesn't match value 'MTd_StaticDebug' in ann.obj
     1>opencv_ml2410.lib(opencv_ml_pch.obj) : error LNK2038: mismatch detected for '_ITERATOR_DEBUG_LEVEL': value '0' doesn't match value '2' in ann.obj
     1>opencv_ml2410.lib(opencv_ml_pch.obj) : error LNK2038: mismatch detected for 'RuntimeLibrary': value 'MT_StaticRelease' doesn't match value 'MTd_StaticDebug' in ann.obj
     1>opencv_ml2410.lib(inner_functions.obj) : error LNK2038: mismatch detected for '_ITERATOR_DEBUG_LEVEL': value '0' doesn't match value '2' in ann.obj
     1>opencv_ml2410.lib(inner_functions.obj) : error LNK2038: mismatch detected for 'RuntimeLibrary': value 'MT_StaticRelease' doesn't match value 'MTd_StaticDebug' in ann.obj
     1>IlmImf.lib(ImfHeader.obj) : error LNK2038: mismatch detected for '_ITERATOR_DEBUG_LEVEL': value '0' doesn't match value '2' in ann.obj
     1>IlmImf.lib(ImfHeader.obj) : error LNK2038: mismatch detected for 'RuntimeLibrary': value 'MT_StaticRelease' doesn't match value 'MTd_StaticDebug' in ann.obj
     1>IlmImf.lib(ImfFrameBuffer.obj) : error LNK2038: mismatch detected for '_ITERATOR_DEBUG_LEVEL': value '0' doesn't match value '2' in ann.obj
     1>IlmImf.lib(ImfFrameBuffer.obj) : error LNK2038: mismatch detected for 'RuntimeLibrary': value 'MT_StaticRelease' doesn't match value 'MTd_StaticDebug' in ann.obj
     1>IlmImf.lib(ImfInputFile.obj) : error LNK2038: mismatch detected for '_ITERATOR_DEBUG_LEVEL': value '0' doesn't match value '2' in ann.obj
     1>IlmImf.lib(ImfInputFile.obj) : error LNK2038: mismatch detected for 'RuntimeLibrary': value 'MT_StaticRelease' doesn't match value 'MTd_StaticDebug' in ann.obj
     1>IlmImf.lib(ImfOutputFile.obj) : error LNK2038: mismatch detected for '_ITERATOR_DEBUG_LEVEL': value '0' doesn't match value '2' in ann.obj
     1>IlmImf.lib(ImfOutputFile.obj) : error LNK2038: mismatch detected for 'RuntimeLibrary': value 'MT_StaticRelease' doesn't match value 'MTd_StaticDebug' in ann.obj
     1>IlmImf.lib(ImfChannelList.obj) : error LNK2038: mismatch detected for '_ITERATOR_DEBUG_LEVEL': value '0' doesn't match value '2' in ann.obj
     1>IlmImf.lib(ImfChannelList.obj) : error LNK2038: mismatch detected for 'RuntimeLibrary': value 'MT_StaticRelease' doesn't match value 'MTd_StaticDebug' in ann.obj
     1>IlmImf.lib(half.obj) : error LNK2038: mismatch detected for '_ITERATOR_DEBUG_LEVEL': value '0' doesn't match value '2' in ann.obj
     1>IlmImf.lib(half.obj) : error LNK2038: mismatch detected for 'RuntimeLibrary': value 'MT_StaticRelease' doesn't match value 'MTd_StaticDebug' in ann.obj
     1>IlmImf.lib(ImfChromaticities.obj) : error LNK2038: mismatch detected for '_ITERATOR_DEBUG_LEVEL': value '0' doesn't match value '2' in ann.obj
     1>IlmImf.lib(ImfChromaticities.obj) : error LNK2038: mismatch detected for 'RuntimeLibrary': value 'MT_StaticRelease' doesn't match value 'MTd_StaticDebug' in ann.obj
     1>IlmImf.lib(ImfStandardAttributes.obj) : error LNK2038: mismatch detected for '_ITERATOR_DEBUG_LEVEL': value '0' doesn't match value '2' in ann.obj
     1>IlmImf.lib(ImfStandardAttributes.obj) : error LNK2038: mismatch detected for 'RuntimeLibrary': value 'MT_StaticRelease' doesn't match value 'MTd_StaticDebug' in ann.obj
     1>IlmImf.lib(IexBaseExc.obj) : error LNK2038: mismatch detected for '_ITERATOR_DEBUG_LEVEL': value '0' doesn't match value '2' in ann.obj
     1>IlmImf.lib(IexBaseExc.obj) : error LNK2038: mismatch detected for 'RuntimeLibrary': value 'MT_StaticRelease' doesn't match value 'MTd_StaticDebug' in ann.obj
     1>IlmImf.lib(ImfIO.obj) : error LNK2038: mismatch detected for '_ITERATOR_DEBUG_LEVEL': value '0' doesn't match value '2' in ann.obj
     1>IlmImf.lib(ImfIO.obj) : error LNK2038: mismatch detected for 'RuntimeLibrary': value 'MT_StaticRelease' doesn't match value 'MTd_StaticDebug' in ann.obj
     1>IlmImf.lib(ImfStdIO.obj) : error LNK2038: mismatch detected for '_ITERATOR_DEBUG_LEVEL': value '0' doesn't match value '2' in ann.obj
     1>IlmImf.lib(ImfStdIO.obj) : error LNK2038: mismatch detected for 'RuntimeLibrary': value 'MT_StaticRelease' doesn't match value 'MTd_StaticDebug' in ann.obj
     1>IlmImf.lib(ImfCompressor.obj) : error LNK2038: mismatch detected for '_ITERATOR_DEBUG_LEVEL': value '0' doesn't match value '2' in ann.obj
     1>IlmImf.lib(ImfCompressor.obj) : error LNK2038: mismatch detected for 'RuntimeLibrary': value 'MT_StaticRelease' doesn't match value 'MTd_StaticDebug' in ann.obj
     1>IlmImf.lib(ImfAttribute.obj) : error LNK2038: mismatch detected for '_ITERATOR_DEBUG_LEVEL': value '0' doesn't match value '2' in ann.obj
     1>IlmImf.lib(ImfAttribute.obj) : error LNK2038: mismatch detected for 'RuntimeLibrary': value 'MT_StaticRelease' doesn't match value 'MTd_StaticDebug' in ann.obj
     1>IlmImf.lib(ImfBoxAttribute.obj) : error LNK2038: mismatch detected for '_ITERATOR_DEBUG_LEVEL': value '0' doesn't match value '2' in ann.obj
     1>IlmImf.lib(ImfBoxAttribute.obj) : error LNK2038: mismatch detected for 'RuntimeLibrary': value 'MT_StaticRelease' doesn't match value 'MTd_StaticDebug' in ann.obj
     1>IlmImf.lib(ImfChannelListAttribute.obj) : error LNK2038: mismatch detected for '_ITERATOR_DEBUG_LEVEL': value '0' doesn't match value '2' in ann.obj
     1>IlmImf.lib(ImfChannelListAttribute.obj) : error LNK2038: mismatch detected for 'RuntimeLibrary': value 'MT_StaticRelease' doesn't match value 'MTd_StaticDebug' in ann.obj
     1>IlmImf.lib(ImfChromaticitiesAttribute.obj) : error LNK2038: mismatch detected for '_ITERATOR_DEBUG_LEVEL': value '0' doesn't match value '2' in ann.obj
     1>IlmImf.lib(ImfChromaticitiesAttribute.obj) : error LNK2038: mismatch detected for 'RuntimeLibrary': value 'MT_StaticRelease' doesn't match value 'MTd_StaticDebug' in ann.obj
     1>IlmImf.lib(ImfCompressionAttribute.obj) : error LNK2038: mismatch detected for '_ITERATOR_DEBUG_LEVEL': value '0' doesn't match value '2' in ann.obj
     1>IlmImf.lib(ImfCompressionAttribute.obj) : error LNK2038: mismatch detected for 'RuntimeLibrary': value 'MT_StaticRelease' doesn't match value 'MTd_StaticDebug' in ann.obj
     1>IlmImf.lib(ImfDoubleAttribute.obj) : error LNK2038: mismatch detected for '_ITERATOR_DEBUG_LEVEL': value '0' doesn't match value '2' in ann.obj
     1>IlmImf.lib(ImfDoubleAttribute.obj) : error LNK2038: mismatch detected for 'RuntimeLibrary': value 'MT_StaticRelease' doesn't match value 'MTd_StaticDebug' in ann.obj
     1>IlmImf.lib(ImfEnvmapAttribute.obj) : error LNK2038: mismatch detected for '_ITERATOR_DEBUG_LEVEL': value '0' doesn't match value '2' in ann.obj
     1>IlmImf.lib(ImfEnvmapAttribute.obj) : error LNK2038: mismatch detected for 'RuntimeLibrary': value 'MT_StaticRelease' doesn't match value 'MTd_StaticDebug' in ann.obj
     1>IlmImf.lib(ImfFloatAttribute.obj) : error LNK2038: mismatch detected for '_ITERATOR_DEBUG_LEVEL': value '0' doesn't match value '2' in ann.obj
     1>IlmImf.lib(ImfFloatAttribute.obj) : error LNK2038: mismatch detected for 'RuntimeLibrary': value 'MT_StaticRelease' doesn't match value 'MTd_StaticDebug' in ann.obj
     1>IlmImf.lib(ImfIntAttribute.obj) : error LNK2038: mismatch detected for '_ITERATOR_DEBUG_LEVEL': value '0' doesn't match value '2' in ann.obj
     1>IlmImf.lib(ImfIntAttribute.obj) : error LNK2038: mismatch detected for 'RuntimeLibrary': value 'MT_StaticRelease' doesn't match value 'MTd_StaticDebug' in ann.obj
     1>IlmImf.lib(ImfKeyCode.obj) : error LNK2038: mismatch detected for '_ITERATOR_DEBUG_LEVEL': value '0' doesn't match value '2' in ann.obj
     1>IlmImf.lib(ImfKeyCode.obj) : error LNK2038: mismatch detected for 'RuntimeLibrary': value 'MT_StaticRelease' doesn't match value 'MTd_StaticDebug' in ann.obj
     1>IlmImf.lib(ImfKeyCodeAttribute.obj) : error LNK2038: mismatch detected for '_ITERATOR_DEBUG_LEVEL': value '0' doesn't match value '2' in ann.obj
     1>IlmImf.lib(ImfKeyCodeAttribute.obj) : error LNK2038: mismatch detected for 'RuntimeLibrary': value 'MT_StaticRelease' doesn't match value 'MTd_StaticDebug' in ann.obj
     1>IlmImf.lib(ImfLineOrderAttribute.obj) : error LNK2038: mismatch detected for '_ITERATOR_DEBUG_LEVEL': value '0' doesn't match value '2' in ann.obj
     1>IlmImf.lib(ImfLineOrderAttribute.obj) : error LNK2038: mismatch detected for 'RuntimeLibrary': value 'MT_StaticRelease' doesn't match value 'MTd_StaticDebug' in ann.obj
     1>IlmImf.lib(ImfMatrixAttribute.obj) : error LNK2038: mismatch detected for '_ITERATOR_DEBUG_LEVEL': value '0' doesn't match value '2' in ann.obj
     1>IlmImf.lib(ImfMatrixAttribute.obj) : error LNK2038: mismatch detected for 'RuntimeLibrary': value 'MT_StaticRelease' doesn't match value 'MTd_StaticDebug' in ann.obj
     1>IlmImf.lib(ImfOpaqueAttribute.obj) : error LNK2038: mismatch detected for '_ITERATOR_DEBUG_LEVEL': value '0' doesn't match value '2' in ann.obj
     1>IlmImf.lib(ImfOpaqueAttribute.obj) : error LNK2038: mismatch detected for 'RuntimeLibrary': value 'MT_StaticRelease' doesn't match value 'MTd_StaticDebug' in ann.obj
     1>IlmImf.lib(ImfPreviewImage.obj) : error LNK2038: mismatch detected for '_ITERATOR_DEBUG_LEVEL': value '0' doesn't match value '2' in ann.obj
     1>IlmImf.lib(ImfPreviewImage.obj) : error LNK2038: mismatch detected for 'RuntimeLibrary': value 'MT_StaticRelease' doesn't match value 'MTd_StaticDebug' in ann.obj
     1>IlmImf.lib(ImfPreviewImageAttribute.obj) : error LNK2038: mismatch detected for '_ITERATOR_DEBUG_LEVEL': value '0' doesn't match value '2' in ann.obj
     1>IlmImf.lib(ImfPreviewImageAttribute.obj) : error LNK2038: mismatch detected for 'RuntimeLibrary': value 'MT_StaticRelease' doesn't match value 'MTd_StaticDebug' in ann.obj
     1>IlmImf.lib(ImfRationalAttribute.obj) : error LNK2038: mismatch detected for '_ITERATOR_DEBUG_LEVEL': value '0' doesn't match value '2' in ann.obj
     1>IlmImf.lib(ImfRationalAttribute.obj) : error LNK2038: mismatch detected for 'RuntimeLibrary': value 'MT_StaticRelease' doesn't match value 'MTd_StaticDebug' in ann.obj
     1>IlmImf.lib(ImfStringAttribute.obj) : error LNK2038: mismatch detected for '_ITERATOR_DEBUG_LEVEL': value '0' doesn't match value '2' in ann.obj
     1>IlmImf.lib(ImfStringAttribute.obj) : error LNK2038: mismatch detected for 'RuntimeLibrary': value 'MT_StaticRelease' doesn't match value 'MTd_StaticDebug' in ann.obj
     1>IlmImf.lib(ImfStringVectorAttribute.obj) : error LNK2038: mismatch detected for '_ITERATOR_DEBUG_LEVEL': value '0' doesn't match value '2' in ann.obj
     1>IlmImf.lib(ImfStringVectorAttribute.obj) : error LNK2038: mismatch detected for 'RuntimeLibrary': value 'MT_StaticRelease' doesn't match value 'MTd_StaticDebug' in ann.obj
     1>IlmImf.lib(ImfTileDescriptionAttribute.obj) : error LNK2038: mismatch detected for '_ITERATOR_DEBUG_LEVEL': value '0' doesn't match value '2' in ann.obj
     1>IlmImf.lib(ImfTileDescriptionAttribute.obj) : error LNK2038: mismatch detected for 'RuntimeLibrary': value 'MT_StaticRelease' doesn't match value 'MTd_StaticDebug' in ann.obj
     1>IlmImf.lib(ImfTimeCode.obj) : error LNK2038: mismatch detected for '_ITERATOR_DEBUG_LEVEL': value '0' doesn't match value '2' in ann.obj
     1>IlmImf.lib(ImfTimeCode.obj) : error LNK2038: mismatch detected for 'RuntimeLibrary': value 'MT_StaticRelease' doesn't match value 'MTd_StaticDebug' in ann.obj
     1>IlmImf.lib(ImfTimeCodeAttribute.obj) : error LNK2038: mismatch detected for '_ITERATOR_DEBUG_LEVEL': value '0' doesn't match value '2' in ann.obj
     1>IlmImf.lib(ImfTimeCodeAttribute.obj) : error LNK2038: mismatch detected for 'RuntimeLibrary': value 'MT_StaticRelease' doesn't match value 'MTd_StaticDebug' in ann.obj
     1>IlmImf.lib(ImfVecAttribute.obj) : error LNK2038: mismatch detected for '_ITERATOR_DEBUG_LEVEL': value '0' doesn't match value '2' in ann.obj
     1>IlmImf.lib(ImfVecAttribute.obj) : error LNK2038: mismatch detected for 'RuntimeLibrary': value 'MT_StaticRelease' doesn't match value 'MTd_StaticDebug' in ann.obj
     1>IlmImf.lib(IlmThreadMutexWin32.obj) : error LNK2038: mismatch detected for '_ITERATOR_DEBUG_LEVEL': value '0' doesn't match value '2' in ann.obj
     1>IlmImf.lib(IlmThreadMutexWin32.obj) : error LNK2038: mismatch detected for 'RuntimeLibrary': value 'MT_StaticRelease' doesn't match value 'MTd_StaticDebug' in ann.obj
     1>IlmImf.lib(IlmThreadPool.obj) : error LNK2038: mismatch detected for '_ITERATOR_DEBUG_LEVEL': value '0' doesn't match value '2' in ann.obj
     1>IlmImf.lib(IlmThreadPool.obj) : error LNK2038: mismatch detected for 'RuntimeLibrary': value 'MT_StaticRelease' doesn't match value 'MTd_StaticDebug' in ann.obj
     1>IlmImf.lib(ImfScanLineInputFile.obj) : error LNK2038: mismatch detected for '_ITERATOR_DEBUG_LEVEL': value '0' doesn't match value '2' in ann.obj
     1>IlmImf.lib(ImfScanLineInputFile.obj) : error LNK2038: mismatch detected for 'RuntimeLibrary': value 'MT_StaticRelease' doesn't match value 'MTd_StaticDebug' in ann.obj
     1>IlmImf.lib(ImfTiledInputFile.obj) : error LNK2038: mismatch detected for '_ITERATOR_DEBUG_LEVEL': value '0' doesn't match value '2' in ann.obj
     1>IlmImf.lib(ImfTiledInputFile.obj) : error LNK2038: mismatch detected for 'RuntimeLibrary': value 'MT_StaticRelease' doesn't match value 'MTd_StaticDebug' in ann.obj
     1>IlmImf.lib(ImfMisc.obj) : error LNK2038: mismatch detected for '_ITERATOR_DEBUG_LEVEL': value '0' doesn't match value '2' in ann.obj
     1>IlmImf.lib(ImfMisc.obj) : error LNK2038: mismatch detected for 'RuntimeLibrary': value 'MT_StaticRelease' doesn't match value 'MTd_StaticDebug' in ann.obj
     1>IlmImf.lib(IlmThreadSemaphoreWin32.obj) : error LNK2038: mismatch detected for '_ITERATOR_DEBUG_LEVEL': value '0' doesn't match value '2' in ann.obj
     1>IlmImf.lib(IlmThreadSemaphoreWin32.obj) : error LNK2038: mismatch detected for 'RuntimeLibrary': value 'MT_StaticRelease' doesn't match value 'MTd_StaticDebug' in ann.obj
     1>IlmImf.lib(IexThrowErrnoExc.obj) : error LNK2038: mismatch detected for '_ITERATOR_DEBUG_LEVEL': value '0' doesn't match value '2' in ann.obj
     1>IlmImf.lib(IexThrowErrnoExc.obj) : error LNK2038: mismatch detected for 'RuntimeLibrary': value 'MT_StaticRelease' doesn't match value 'MTd_StaticDebug' in ann.obj
     1>IlmImf.lib(ImfRleCompressor.obj) : error LNK2038: mismatch detected for '_ITERATOR_DEBUG_LEVEL': value '0' doesn't match value '2' in ann.obj
     1>IlmImf.lib(ImfRleCompressor.obj) : error LNK2038: mismatch detected for 'RuntimeLibrary': value 'MT_StaticRelease' doesn't match value 'MTd_StaticDebug' in ann.obj
     1>IlmImf.lib(ImfZipCompressor.obj) : error LNK2038: mismatch detected for '_ITERATOR_DEBUG_LEVEL': value '0' doesn't match value '2' in ann.obj
     1>IlmImf.lib(ImfZipCompressor.obj) : error LNK2038: mismatch detected for 'RuntimeLibrary': value 'MT_StaticRelease' doesn't match value 'MTd_StaticDebug' in ann.obj
     1>IlmImf.lib(ImfPizCompressor.obj) : error LNK2038: mismatch detected for '_ITERATOR_DEBUG_LEVEL': value '0' doesn't match value '2' in ann.obj
     1>IlmImf.lib(ImfPizCompressor.obj) : error LNK2038: mismatch detected for 'RuntimeLibrary': value 'MT_StaticRelease' doesn't match value 'MTd_StaticDebug' in ann.obj
     1>IlmImf.lib(ImfPxr24Compressor.obj) : error LNK2038: mismatch detected for '_ITERATOR_DEBUG_LEVEL': value '0' doesn't match value '2' in ann.obj
     1>IlmImf.lib(ImfPxr24Compressor.obj) : error LNK2038: mismatch detected for 'RuntimeLibrary': value 'MT_StaticRelease' doesn't match value 'MTd_StaticDebug' in ann.obj
     1>IlmImf.lib(ImfB44Compressor.obj) : error LNK2038: mismatch detected for '_ITERATOR_DEBUG_LEVEL': value '0' doesn't match value '2' in ann.obj
     1>IlmImf.lib(ImfB44Compressor.obj) : error LNK2038: mismatch detected for 'RuntimeLibrary': value 'MT_StaticRelease' doesn't match value 'MTd_StaticDebug' in ann.obj
     1>IlmImf.lib(IlmThreadWin32.obj) : error LNK2038: mismatch detected for '_ITERATOR_DEBUG_LEVEL': value '0' doesn't match value '2' in ann.obj
     1>IlmImf.lib(IlmThreadWin32.obj) : error LNK2038: mismatch detected for 'RuntimeLibrary': value 'MT_StaticRelease' doesn't match value 'MTd_StaticDebug' in ann.obj
     1>IlmImf.lib(ImfTiledMisc.obj) : error LNK2038: mismatch detected for '_ITERATOR_DEBUG_LEVEL': value '0' doesn't match value '2' in ann.obj
     1>IlmImf.lib(ImfTiledMisc.obj) : error LNK2038: mismatch detected for 'RuntimeLibrary': value 'MT_StaticRelease' doesn't match value 'MTd_StaticDebug' in ann.obj
     1>IlmImf.lib(ImfTileOffsets.obj) : error LNK2038: mismatch detected for '_ITERATOR_DEBUG_LEVEL': value '0' doesn't match value '2' in ann.obj
     1>IlmImf.lib(ImfTileOffsets.obj) : error LNK2038: mismatch detected for 'RuntimeLibrary': value 'MT_StaticRelease' doesn't match value 'MTd_StaticDebug' in ann.obj
     1>IlmImf.lib(ImfConvert.obj) : error LNK2038: mismatch detected for '_ITERATOR_DEBUG_LEVEL': value '0' doesn't match value '2' in ann.obj
     1>IlmImf.lib(ImfConvert.obj) : error LNK2038: mismatch detected for 'RuntimeLibrary': value 'MT_StaticRelease' doesn't match value 'MTd_StaticDebug' in ann.obj
     1>IlmImf.lib(ImfHuf.obj) : error LNK2038: mismatch detected for '_ITERATOR_DEBUG_LEVEL': value '0' doesn't match value '2' in ann.obj
     1>IlmImf.lib(ImfHuf.obj) : error LNK2038: mismatch detected for 'RuntimeLibrary': value 'MT_StaticRelease' doesn't match value 'MTd_StaticDebug' in ann.obj
     1>opencv_core2410.lib(dxt.obj) : error LNK2038: mismatch detected for '_ITERATOR_DEBUG_LEVEL': value '0' doesn't match value '2' in ann.obj
     1>opencv_core2410.lib(dxt.obj) : error LNK2038: mismatch detected for 'RuntimeLibrary': value 'MT_StaticRelease' doesn't match value 'MTd_StaticDebug' in ann.obj
     1>LINK : warning LNK4098: defaultlib 'LIBCMT' conflicts with use of other libs; use /NODEFAULTLIB:library
     1>C:\Users\Thuc\documents\visual studio 2013\Projects\Project1\Release\294_14pm.exe : fatal error LNK1319: 234 mismatches detected
     1>Done Building Project "C:\Users\Thuc\documents\visual studio 2013\Projects\Project1\294_14pm\294_14pm.vcxproj" (Build target(s)) -- FAILED.

Build FAILED.

Time Elapsed 00:00:01.24
