Build started 5/1/2015 8:10:39 PM.
     1>Project "C:\Users\Thuc\documents\visual studio 2013\Projects\Project1\294_14pm\294_14pm.vcxproj" on node 2 (Build target(s)).
     1>ClCompile:
         E:\Programs\Microsoft Visual Studio 12.0\VC\bin\CL.exe /c /IC:\opencv\build\include /ZI /nologo /W3 /WX- /Od /Oy- /D WIN32 /D _DEBUG /D _CONSOLE /D _LIB /D _UNICODE /D UNICODE /Gm /EHsc /RTC1 /MDd /GS /fp:precise /Zc:wchar_t /Zc:forScope /Fo"Debug\\" /Fd"Debug\vc120.pdb" /Gd /TP /analyze- /errorReport:prompt ann.cpp
         ann.cpp
     1>c:\users\thuc\documents\visual studio 2013\projects\project1\294_14pm\ann.cpp(43): warning C4305: 'initializing' : truncation from '__int64' to 'float'
     1>c:\users\thuc\documents\visual studio 2013\projects\project1\294_14pm\ann.cpp(69): warning C4244: 'initializing' : conversion from 'float' to 'int', possible loss of data
     1>c:\users\thuc\documents\visual studio 2013\projects\project1\294_14pm\ann.cpp(70): warning C4244: 'initializing' : conversion from 'float' to 'int', possible loss of data
     1>c:\users\thuc\documents\visual studio 2013\projects\project1\294_14pm\ann.cpp(84): warning C4244: '=' : conversion from 'int' to 'float', possible loss of data
       Link:
         E:\Programs\Microsoft Visual Studio 12.0\VC\bin\link.exe /ERRORREPORT:PROMPT /OUT:"C:\Users\Thuc\documents\visual studio 2013\Projects\Project1\Debug\294_14pm.exe" /INCREMENTAL /NOLOGO /LIBPATH:C:\opencv\build\x86\vc12\lib opencv_calib3d2410d.lib opencv_contrib2410d.lib opencv_core2410d.lib opencv_features2d2410d.lib opencv_flann2410d.lib opencv_gpu2410d.lib opencv_highgui2410d.lib opencv_imgproc2410d.lib opencv_legacy2410d.lib opencv_ml2410d.lib opencv_nonfree2410d.lib opencv_objdetect2410d.lib opencv_ocl2410d.lib opencv_photo2410d.lib opencv_stitching2410d.lib opencv_superres2410d.lib opencv_ts2410d.lib opencv_video2410d.lib opencv_videostab2410d.lib kernel32.lib user32.lib gdi32.lib winspool.lib comdlg32.lib advapi32.lib shell32.lib ole32.lib oleaut32.lib uuid.lib odbc32.lib odbccp32.lib /MANIFEST /MANIFESTUAC:"level='asInvoker' uiAccess='false'" /manifest:embed /DEBUG /PDB:"C:\Users\Thuc\documents\visual studio 2013\Projects\Project1\Debug\294_14pm.pdb" /SUBSYSTEM:CONSOLE /TLBID:1 /DYNAMICBASE /NXCOMPAT /IMPLIB:"C:\Users\Thuc\documents\visual studio 2013\Projects\Project1\Debug\294_14pm.lib" /MACHINE:X86 Debug\ann.obj
         Debug\getopt.obj
         Debug\image_cropper.obj
         Debug\main.obj
         Debug\rotated_square_getter.obj
         Debug\squares_finder.obj
         294_14pm.vcxproj -> C:\Users\Thuc\documents\visual studio 2013\Projects\Project1\Debug\294_14pm.exe
     1>Done Building Project "C:\Users\Thuc\documents\visual studio 2013\Projects\Project1\294_14pm\294_14pm.vcxproj" (Build target(s)).

Build succeeded.

Time Elapsed 00:00:01.35
