c:\users\thuc\documents\visual studio 2013\projects\project1\294_14pm\debug\vc120.pdb
c:\users\thuc\documents\visual studio 2013\projects\project1\294_14pm\debug\vc120.idb
c:\users\dmthuc\documents\visual studio 2015\projects\consoleapplication1\294_14pm\debug\vc120.pdb
c:\users\dmthuc\documents\visual studio 2015\projects\consoleapplication1\294_14pm\debug\vc120.idb
c:\users\dmthuc\documents\visual studio 2015\projects\consoleapplication1\294_14pm\debug\ann.obj
c:\users\dmthuc\documents\visual studio 2015\projects\consoleapplication1\294_14pm\debug\image_cropper.obj
c:\users\dmthuc\documents\visual studio 2015\projects\consoleapplication1\294_14pm\debug\main.obj
c:\users\dmthuc\documents\visual studio 2015\projects\consoleapplication1\294_14pm\debug\rotated_square_getter.obj
c:\users\dmthuc\documents\visual studio 2015\projects\consoleapplication1\294_14pm\debug\squares_finder.obj
c:\users\dmthuc\documents\visual studio 2015\projects\consoleapplication1\294_14pm\debug\getopt.obj
c:\users\thuc\documents\visual studio 2013\projects\project1\debug\294_14pm.ilk
c:\users\thuc\documents\visual studio 2013\projects\project1\debug\294_14pm.exe
c:\users\thuc\documents\visual studio 2013\projects\project1\debug\294_14pm.pdb
c:\users\dmthuc\documents\visual studio 2015\projects\consoleapplication1\debug\294_14pm.ilk
c:\users\dmthuc\documents\visual studio 2015\projects\consoleapplication1\debug\294_14pm.exe
c:\users\dmthuc\documents\visual studio 2015\projects\consoleapplication1\debug\294_14pm.pdb
c:\users\dmthuc\documents\visual studio 2015\projects\consoleapplication1\294_14pm\debug\294_14pm.tlog\cl.command.1.tlog
c:\users\dmthuc\documents\visual studio 2015\projects\consoleapplication1\294_14pm\debug\294_14pm.tlog\cl.read.1.tlog
c:\users\dmthuc\documents\visual studio 2015\projects\consoleapplication1\294_14pm\debug\294_14pm.tlog\cl.write.1.tlog
c:\users\dmthuc\documents\visual studio 2015\projects\consoleapplication1\294_14pm\debug\294_14pm.tlog\link.command.1.tlog
c:\users\dmthuc\documents\visual studio 2015\projects\consoleapplication1\294_14pm\debug\294_14pm.tlog\link.read.1.tlog
c:\users\dmthuc\documents\visual studio 2015\projects\consoleapplication1\294_14pm\debug\294_14pm.tlog\link.write.1.tlog
